<?xml version="1.0" encoding="UTF-8"?>
<!-- Generated by org.testng.reporters.JUnitXMLReporter -->
<testsuite ignored="0" hostname="MEL-QL-001" failures="0" tests="9" name="Test" time="96.804" errors="0" timestamp="2023-01-03T21:50:17 EST">
  <testcase classname="testScripts.BooksLinkTest" name="BooksTest1" time="8.562"/>
  <testcase classname="testScripts.BooksLinkTest" name="BooksTest2" time="13.267"/>
  <testcase classname="testScripts.LoginTest" name="testCase1" time="5.59"/>
  <testcase classname="testScripts.LoginTest" name="testCase1" time="5.433"/>
  <testcase classname="testScripts.LoginTest" name="testCase1" time="5.398"/>
  <testcase classname="testScripts.RegisterTest" name="registerTestCase" time="1.91"/>
  <testcase classname="testScripts.RegisterTest" name="registerTestCase" time="1.929"/>
  <testcase classname="testScripts.RegisterTest" name="registerTestCase" time="2.0"/>
  <testcase classname="testScripts.PriceFilterTest" name="PriceFilterTest1" time="19.659"/>
</testsuite> <!-- Test -->
